<?xml version="1.0" encoding="UTF-8"?>
<!-- Generated by org.testng.reporters.JUnitXMLReporter -->
<testsuite hostname="23HW010622" ignored="0" name="serviceTests" tests="3" failures="1" timestamp="02 Jan 2019 11:09:22 GMT" time="4.415" errors="0">
  <testcase name="testJSONObject" time="2.858" classname="test.Test.StoresServiceAPIValidationTest">
    <failure type="com.fasterxml.jackson.databind.exc.UnrecognizedPropertyException" message="Unrecognized field &amp;quot;id&amp;quot; (class test.bean.ObjectMapperBean), not marked as ignorable (6 known properties: , &amp;quot;address&amp;quot;, &amp;quot;geoLocation&amp;quot;, &amp;quot;openingHours&amp;quot;, &amp;quot;name&amp;quot;, &amp;quot;storeType&amp;quot;, &amp;quot;phone&amp;quot;])
 at [Source: java.io.StringReader@346a361; line: 1, column: 12] (through reference chain: test.bean.ObjectMapperBean[&amp;quot;id&amp;quot;])">
      <![CDATA[com.fasterxml.jackson.databind.exc.UnrecognizedPropertyException: Unrecognized field "id" (class test.bean.ObjectMapperBean), not marked as ignorable (6 known properties: , "address", "geoLocation", "openingHours", "name", "storeType", "phone"])
 at [Source: java.io.StringReader@346a361; line: 1, column: 12] (through reference chain: test.bean.ObjectMapperBean["id"])
at com.fasterxml.jackson.databind.exc.UnrecognizedPropertyException.from(UnrecognizedPropertyException.java:79)
at com.fasterxml.jackson.databind.DeserializationContext.reportUnknownProperty(DeserializationContext.java:555)
at com.fasterxml.jackson.databind.deser.std.StdDeserializer.handleUnknownProperty(StdDeserializer.java:708)
at com.fasterxml.jackson.databind.deser.BeanDeserializerBase.handleUnknownProperty(BeanDeserializerBase.java:1160)
at com.fasterxml.jackson.databind.deser.BeanDeserializer.deserializeFromObject(BeanDeserializer.java:315)
at com.fasterxml.jackson.databind.deser.BeanDeserializer.deserialize(BeanDeserializer.java:121)
at com.fasterxml.jackson.databind.deser.std.CollectionDeserializer.deserialize(CollectionDeserializer.java:230)
at com.fasterxml.jackson.databind.deser.std.CollectionDeserializer.deserialize(CollectionDeserializer.java:207)
at com.fasterxml.jackson.databind.deser.std.CollectionDeserializer.deserialize(CollectionDeserializer.java:23)
at com.fasterxml.jackson.databind.ObjectMapper._readMapAndClose(ObjectMapper.java:2888)
at com.fasterxml.jackson.databind.ObjectMapper.readValue(ObjectMapper.java:2041)
at test.Test.StoresServiceAPIValidationTest.parseJSONdata(StoresServiceAPIValidationTest.java:140)
at test.Test.StoresServiceAPIValidationTest.testJSONObject(StoresServiceAPIValidationTest.java:123)
... Removed 25 stack frames]]>
    </failure>
  </testcase> <!-- testJSONObject -->
  <testcase name="testStoreJSON" time="0.632" classname="test.Test.StoresServiceAPIValidationTest"/>
  <testcase name="testStoreService" time="0.868" classname="test.Test.StoresServiceAPIValidationTest"/>
</testsuite> <!-- serviceTests -->
