<?xml version="1.0" encoding="UTF-8"?>
<!-- Generated by org.testng.reporters.JUnitXMLReporter -->
<testsuite hostname="23HW010622" ignored="0" name="Default test" tests="3" failures="0" timestamp="02 Jan 2019 12:10:37 GMT" time="20.907" errors="0">
  <testcase name="testJSONObject" time="19.56" classname="test.Test.StoresServiceAPIValidationTest"/>
  <testcase name="testStoreJSON" time="0.518" classname="test.Test.StoresServiceAPIValidationTest"/>
  <testcase name="testStoreService" time="0.773" classname="test.Test.StoresServiceAPIValidationTest"/>
</testsuite> <!-- Default test -->
