<?xml version="1.0" encoding="UTF-8"?>
<testng-results skipped="0" failed="0" ignored="0" total="3" passed="3">
  <reporter-output>
  </reporter-output>
  <suite name="Default suite" duration-ms="20907" started-at="2019-01-02T12:10:16Z" finished-at="2019-01-02T12:10:37Z">
    <groups>
    </groups>
    <test name="Default test" duration-ms="20907" started-at="2019-01-02T12:10:16Z" finished-at="2019-01-02T12:10:37Z">
      <class name="test.Test.StoresServiceAPIValidationTest">
        <test-method status="PASS" signature="testJSONObject()[pri:0, instance:test.Test.StoresServiceAPIValidationTest@1cbbffcd]" name="testJSONObject" duration-ms="19560" started-at="2019-01-02T12:10:16Z" finished-at="2019-01-02T12:10:36Z">
          <reporter-output>
          </reporter-output>
        </test-method> <!-- testJSONObject -->
        <test-method status="PASS" signature="testStoreJSON()[pri:0, instance:test.Test.StoresServiceAPIValidationTest@1cbbffcd]" name="testStoreJSON" duration-ms="518" started-at="2019-01-02T12:10:36Z" finished-at="2019-01-02T12:10:36Z">
          <reporter-output>
          </reporter-output>
        </test-method> <!-- testStoreJSON -->
        <test-method status="PASS" signature="testStoreService()[pri:0, instance:test.Test.StoresServiceAPIValidationTest@1cbbffcd]" name="testStoreService" duration-ms="773" started-at="2019-01-02T12:10:36Z" finished-at="2019-01-02T12:10:37Z">
          <reporter-output>
          </reporter-output>
        </test-method> <!-- testStoreService -->
      </class> <!-- test.Test.StoresServiceAPIValidationTest -->
    </test> <!-- Default test -->
  </suite> <!-- Default suite -->
</testng-results>
